2023-12-07T21:40:50.782+09:00  INFO 1261 --- [eureka-server] [main] o.m.e.EurekaServerApplication            : The following 1 profile is active: "local"
2023-12-07T21:40:53.715+09:00  INFO 1261 --- [eureka-server] [main] o.s.cloud.context.scope.GenericScope     : BeanFactory id=251077ae-d3f8-3d9d-a6af-44160bc183c6
2023-12-07T21:40:54.931+09:00  INFO 1261 --- [eureka-server] [main] o.s.b.w.embedded.tomcat.TomcatWebServer  : Tomcat initialized with port 8761 (http)
2023-12-07T21:40:54.956+09:00  INFO 1261 --- [eureka-server] [main] o.apache.catalina.core.StandardService   : Starting service [Tomcat]
2023-12-07T21:40:54.957+09:00  INFO 1261 --- [eureka-server] [main] o.apache.catalina.core.StandardEngine    : Starting Servlet engine: [Apache Tomcat/10.1.16]
2023-12-07T21:40:55.234+09:00  INFO 1261 --- [eureka-server] [main] o.a.c.c.C.[Tomcat].[localhost].[/]       : Initializing Spring embedded WebApplicationContext
2023-12-07T21:40:55.240+09:00  INFO 1261 --- [eureka-server] [main] w.s.c.ServletWebServerApplicationContext : Root WebApplicationContext: initialization completed in 4333 ms
2023-12-07T21:40:59.046+09:00  INFO 1261 --- [eureka-server] [main] c.n.d.provider.DiscoveryJerseyProvider   : Using JSON encoding codec LegacyJacksonJson
2023-12-07T21:40:59.055+09:00  INFO 1261 --- [eureka-server] [main] c.n.d.provider.DiscoveryJerseyProvider   : Using JSON decoding codec LegacyJacksonJson
2023-12-07T21:40:59.769+09:00  INFO 1261 --- [eureka-server] [main] c.n.d.provider.DiscoveryJerseyProvider   : Using XML encoding codec XStreamXml
2023-12-07T21:40:59.771+09:00  INFO 1261 --- [eureka-server] [main] c.n.d.provider.DiscoveryJerseyProvider   : Using XML decoding codec XStreamXml
2023-12-07T21:41:02.823+09:00  WARN 1261 --- [eureka-server] [main] iguration$LoadBalancerCaffeineWarnLogger : Spring Cloud LoadBalancer is currently working with the default cache. While this cache implementation is useful for development and tests, it's recommended to use Caffeine cache in production.You can switch to using Caffeine cache, by adding it and org.springframework.cache.caffeine.CaffeineCacheManager to the classpath.
2023-12-07T21:41:02.962+09:00  INFO 1261 --- [eureka-server] [main] o.s.c.n.eureka.InstanceInfoFactory       : Setting initial instance status as: STARTING
2023-12-07T21:41:03.087+09:00  INFO 1261 --- [eureka-server] [main] com.netflix.discovery.DiscoveryClient    : Initializing Eureka in region us-east-1
2023-12-07T21:41:03.088+09:00  INFO 1261 --- [eureka-server] [main] com.netflix.discovery.DiscoveryClient    : Client configured to neither register nor query for data.
2023-12-07T21:41:03.122+09:00  INFO 1261 --- [eureka-server] [main] com.netflix.discovery.DiscoveryClient    : Discovery Client initialized at timestamp 1701952863120 with initial instances count: 0
2023-12-07T21:41:03.340+09:00  INFO 1261 --- [eureka-server] [main] c.n.eureka.DefaultEurekaServerContext    : Initializing ...
2023-12-07T21:41:03.343+09:00  INFO 1261 --- [eureka-server] [main] c.n.eureka.cluster.PeerEurekaNodes       : Adding new peer nodes [http://localhost:8761/eureka/]
2023-12-07T21:41:03.918+09:00  INFO 1261 --- [eureka-server] [main] c.n.d.provider.DiscoveryJerseyProvider   : Using JSON encoding codec LegacyJacksonJson
2023-12-07T21:41:03.921+09:00  INFO 1261 --- [eureka-server] [main] c.n.d.provider.DiscoveryJerseyProvider   : Using JSON decoding codec LegacyJacksonJson
2023-12-07T21:41:03.931+09:00  INFO 1261 --- [eureka-server] [main] c.n.d.provider.DiscoveryJerseyProvider   : Using XML encoding codec XStreamXml
2023-12-07T21:41:03.932+09:00  INFO 1261 --- [eureka-server] [main] c.n.d.provider.DiscoveryJerseyProvider   : Using XML decoding codec XStreamXml
2023-12-07T21:41:04.247+09:00  INFO 1261 --- [eureka-server] [main] c.n.eureka.cluster.PeerEurekaNodes       : Replica node URL:  http://localhost:8761/eureka/
2023-12-07T21:41:04.267+09:00  INFO 1261 --- [eureka-server] [main] c.n.e.registry.AbstractInstanceRegistry  : Finished initializing remote region registries. All known remote regions: []
2023-12-07T21:41:04.270+09:00  INFO 1261 --- [eureka-server] [main] c.n.eureka.DefaultEurekaServerContext    : Initialized
2023-12-07T21:41:04.335+09:00  INFO 1261 --- [eureka-server] [main] o.s.b.a.e.web.EndpointLinksResolver      : Exposing 17 endpoint(s) beneath base path '/actuator'
2023-12-07T21:41:04.673+09:00  INFO 1261 --- [eureka-server] [main] o.s.c.n.e.s.EurekaServiceRegistry        : Registering application EUREKA-SERVER with eureka with status UP
2023-12-07T21:41:04.766+09:00  INFO 1261 --- [eureka-server] [Thread-10] o.s.c.n.e.server.EurekaServerBootstrap   : isAws returned false
2023-12-07T21:41:04.767+09:00  INFO 1261 --- [eureka-server] [Thread-10] o.s.c.n.e.server.EurekaServerBootstrap   : Initialized server context
2023-12-07T21:41:04.767+09:00  INFO 1261 --- [eureka-server] [Thread-10] c.n.e.r.PeerAwareInstanceRegistryImpl    : Got 1 instances from neighboring DS node
2023-12-07T21:41:04.768+09:00  INFO 1261 --- [eureka-server] [Thread-10] c.n.e.r.PeerAwareInstanceRegistryImpl    : Renew threshold is: 1
2023-12-07T21:41:04.768+09:00  INFO 1261 --- [eureka-server] [Thread-10] c.n.e.r.PeerAwareInstanceRegistryImpl    : Changing status to UP
2023-12-07T21:41:04.793+09:00  INFO 1261 --- [eureka-server] [Thread-10] e.s.EurekaServerInitializerConfiguration : Started Eureka Server
2023-12-07T21:41:04.928+09:00  INFO 1261 --- [eureka-server] [main] o.s.b.w.embedded.tomcat.TomcatWebServer  : Tomcat started on port 8761 (http) with context path ''
2023-12-07T21:41:04.970+09:00  INFO 1261 --- [eureka-server] [main] .s.c.n.e.s.EurekaAutoServiceRegistration : Updating port to 8761
2023-12-07T21:41:05.072+09:00  INFO 1261 --- [eureka-server] [main] o.m.e.EurekaServerApplication            : Started EurekaServerApplication in 20.451 seconds (process running for 22.45)
2023-12-07T21:41:05.610+09:00  INFO 1261 --- [eureka-server] [RMI TCP Connection(11)-127.0.0.1] o.a.c.c.C.[Tomcat].[localhost].[/]       : Initializing Spring DispatcherServlet 'dispatcherServlet'
2023-12-07T21:41:05.611+09:00  INFO 1261 --- [eureka-server] [RMI TCP Connection(11)-127.0.0.1] o.s.web.servlet.DispatcherServlet        : Initializing Servlet 'dispatcherServlet'
2023-12-07T21:41:05.617+09:00  INFO 1261 --- [eureka-server] [RMI TCP Connection(11)-127.0.0.1] o.s.web.servlet.DispatcherServlet        : Completed initialization in 4 ms
2023-12-07T21:41:27.507+09:00  INFO 1261 --- [eureka-server] [http-nio-8761-exec-2] c.n.e.registry.AbstractInstanceRegistry  : Registered instance GATEWAY-SERVER/172.30.1.52:gateway-server:8070 with status UP (replication=false)
2023-12-07T21:41:28.806+09:00  INFO 1261 --- [eureka-server] [http-nio-8761-exec-3] c.n.e.registry.AbstractInstanceRegistry  : Registered instance GATEWAY-SERVER/172.30.1.52:gateway-server:8070 with status UP (replication=true)
2023-12-07T21:41:40.590+09:00  INFO 1261 --- [eureka-server] [http-nio-8761-exec-5] c.n.e.registry.AbstractInstanceRegistry  : Registered instance AUTHENTICATION-SERVER/172.30.1.52:authentication-server:8900 with status UP (replication=false)
2023-12-07T21:41:41.120+09:00  INFO 1261 --- [eureka-server] [http-nio-8761-exec-6] c.n.e.registry.AbstractInstanceRegistry  : Registered instance AUTHENTICATION-SERVER/172.30.1.52:authentication-server:8900 with status UP (replication=true)
2023-12-07T21:42:04.774+09:00  INFO 1261 --- [eureka-server] [Eureka-EvictionTimer] c.n.e.registry.AbstractInstanceRegistry  : Running the evict task with compensationTime 0ms
2023-12-07T21:43:04.775+09:00  INFO 1261 --- [eureka-server] [Eureka-EvictionTimer] c.n.e.registry.AbstractInstanceRegistry  : Running the evict task with compensationTime 0ms
2023-12-07T21:44:04.793+09:00  INFO 1261 --- [eureka-server] [Eureka-EvictionTimer] c.n.e.registry.AbstractInstanceRegistry  : Running the evict task with compensationTime 16ms
2023-12-07T21:45:04.797+09:00  INFO 1261 --- [eureka-server] [Eureka-EvictionTimer] c.n.e.registry.AbstractInstanceRegistry  : Running the evict task with compensationTime 4ms
2023-12-07T21:46:04.801+09:00  INFO 1261 --- [eureka-server] [Eureka-EvictionTimer] c.n.e.registry.AbstractInstanceRegistry  : Running the evict task with compensationTime 2ms
2023-12-07T21:46:18.379+09:00  INFO 1261 --- [eureka-server] [http-nio-8761-exec-3] c.n.e.registry.AbstractInstanceRegistry  : Registered instance ITEM-SERVICE/172.30.1.52:c4c355bc46734dd1341f483834d53ea1 with status UP (replication=false)
2023-12-07T21:46:18.898+09:00  INFO 1261 --- [eureka-server] [http-nio-8761-exec-2] c.n.e.registry.AbstractInstanceRegistry  : Registered instance ITEM-SERVICE/172.30.1.52:c4c355bc46734dd1341f483834d53ea1 with status UP (replication=true)
2023-12-07T21:47:04.802+09:00  INFO 1261 --- [eureka-server] [Eureka-EvictionTimer] c.n.e.registry.AbstractInstanceRegistry  : Running the evict task with compensationTime 0ms
2023-12-07T21:48:04.807+09:00  INFO 1261 --- [eureka-server] [Eureka-EvictionTimer] c.n.e.registry.AbstractInstanceRegistry  : Running the evict task with compensationTime 3ms
2023-12-07T21:49:04.811+09:00  INFO 1261 --- [eureka-server] [Eureka-EvictionTimer] c.n.e.registry.AbstractInstanceRegistry  : Running the evict task with compensationTime 3ms
2023-12-07T21:50:04.814+09:00  INFO 1261 --- [eureka-server] [Eureka-EvictionTimer] c.n.e.registry.AbstractInstanceRegistry  : Running the evict task with compensationTime 2ms
2023-12-07T21:51:04.820+09:00  INFO 1261 --- [eureka-server] [Eureka-EvictionTimer] c.n.e.registry.AbstractInstanceRegistry  : Running the evict task with compensationTime 4ms
2023-12-07T21:52:04.826+09:00  INFO 1261 --- [eureka-server] [Eureka-EvictionTimer] c.n.e.registry.AbstractInstanceRegistry  : Running the evict task with compensationTime 4ms
2023-12-07T21:53:04.832+09:00  INFO 1261 --- [eureka-server] [Eureka-EvictionTimer] c.n.e.registry.AbstractInstanceRegistry  : Running the evict task with compensationTime 5ms
2023-12-07T21:54:04.833+09:00  INFO 1261 --- [eureka-server] [Eureka-EvictionTimer] c.n.e.registry.AbstractInstanceRegistry  : Running the evict task with compensationTime 32ms
2023-12-07T21:55:04.835+09:00  INFO 1261 --- [eureka-server] [Eureka-EvictionTimer] c.n.e.registry.AbstractInstanceRegistry  : Running the evict task with compensationTime 2ms
2023-12-07T21:56:04.281+09:00  INFO 1261 --- [eureka-server] [ReplicaAwareInstanceRegistry - RenewalThresholdUpdater] c.n.e.r.PeerAwareInstanceRegistryImpl    : Current renewal threshold is : 6
2023-12-07T21:56:04.838+09:00  INFO 1261 --- [eureka-server] [Eureka-EvictionTimer] c.n.e.registry.AbstractInstanceRegistry  : Running the evict task with compensationTime 2ms
2023-12-07T21:57:04.839+09:00  INFO 1261 --- [eureka-server] [Eureka-EvictionTimer] c.n.e.registry.AbstractInstanceRegistry  : Running the evict task with compensationTime 1ms
2023-12-07T21:58:04.849+09:00  INFO 1261 --- [eureka-server] [Eureka-EvictionTimer] c.n.e.registry.AbstractInstanceRegistry  : Running the evict task with compensationTime 10ms
2023-12-07T21:59:04.853+09:00  INFO 1261 --- [eureka-server] [Eureka-EvictionTimer] c.n.e.registry.AbstractInstanceRegistry  : Running the evict task with compensationTime 3ms
2023-12-07T22:00:04.853+09:00  INFO 1261 --- [eureka-server] [Eureka-EvictionTimer] c.n.e.registry.AbstractInstanceRegistry  : Running the evict task with compensationTime 0ms
2023-12-07T22:01:04.856+09:00  INFO 1261 --- [eureka-server] [Eureka-EvictionTimer] c.n.e.registry.AbstractInstanceRegistry  : Running the evict task with compensationTime 3ms
2023-12-07T22:02:04.859+09:00  INFO 1261 --- [eureka-server] [Eureka-EvictionTimer] c.n.e.registry.AbstractInstanceRegistry  : Running the evict task with compensationTime 3ms
2023-12-07T22:03:04.863+09:00  INFO 1261 --- [eureka-server] [Eureka-EvictionTimer] c.n.e.registry.AbstractInstanceRegistry  : Running the evict task with compensationTime 3ms
2023-12-07T22:04:04.867+09:00  INFO 1261 --- [eureka-server] [Eureka-EvictionTimer] c.n.e.registry.AbstractInstanceRegistry  : Running the evict task with compensationTime 4ms
2023-12-07T22:05:04.872+09:00  INFO 1261 --- [eureka-server] [Eureka-EvictionTimer] c.n.e.registry.AbstractInstanceRegistry  : Running the evict task with compensationTime 4ms
2023-12-07T22:06:04.876+09:00  INFO 1261 --- [eureka-server] [Eureka-EvictionTimer] c.n.e.registry.AbstractInstanceRegistry  : Running the evict task with compensationTime 3ms
2023-12-07T22:07:04.880+09:00  INFO 1261 --- [eureka-server] [Eureka-EvictionTimer] c.n.e.registry.AbstractInstanceRegistry  : Running the evict task with compensationTime 4ms
2023-12-07T22:08:04.880+09:00  INFO 1261 --- [eureka-server] [Eureka-EvictionTimer] c.n.e.registry.AbstractInstanceRegistry  : Running the evict task with compensationTime 0ms
2023-12-07T22:09:04.884+09:00  INFO 1261 --- [eureka-server] [Eureka-EvictionTimer] c.n.e.registry.AbstractInstanceRegistry  : Running the evict task with compensationTime 2ms
2023-12-07T22:10:04.884+09:00  INFO 1261 --- [eureka-server] [Eureka-EvictionTimer] c.n.e.registry.AbstractInstanceRegistry  : Running the evict task with compensationTime 0ms
2023-12-07T22:11:04.273+09:00  INFO 1261 --- [eureka-server] [ReplicaAwareInstanceRegistry - RenewalThresholdUpdater] c.n.e.r.PeerAwareInstanceRegistryImpl    : Current renewal threshold is : 6
2023-12-07T22:11:04.888+09:00  INFO 1261 --- [eureka-server] [Eureka-EvictionTimer] c.n.e.registry.AbstractInstanceRegistry  : Running the evict task with compensationTime 3ms
2023-12-07T22:12:04.894+09:00  INFO 1261 --- [eureka-server] [Eureka-EvictionTimer] c.n.e.registry.AbstractInstanceRegistry  : Running the evict task with compensationTime 5ms
2023-12-07T22:12:38.474+09:00  INFO 1261 --- [eureka-server] [http-nio-8761-exec-10] c.n.e.registry.AbstractInstanceRegistry  : Registered instance AUTHENTICATION-SERVER/172.30.1.52:authentication-server:8900 with status DOWN (replication=false)
2023-12-07T22:12:38.531+09:00  INFO 1261 --- [eureka-server] [http-nio-8761-exec-3] c.n.e.registry.AbstractInstanceRegistry  : Registered instance GATEWAY-SERVER/172.30.1.52:gateway-server:8070 with status DOWN (replication=false)
2023-12-07T22:12:38.549+09:00  INFO 1261 --- [eureka-server] [http-nio-8761-exec-4] c.n.e.registry.AbstractInstanceRegistry  : Registered instance ITEM-SERVICE/172.30.1.52:c4c355bc46734dd1341f483834d53ea1 with status DOWN (replication=false)
2023-12-07T22:12:38.555+09:00  INFO 1261 --- [eureka-server] [SpringApplicationShutdownHook] o.s.c.n.e.s.EurekaServiceRegistry        : Unregistering application EUREKA-SERVER with eureka with status DOWN
2023-12-07T22:12:38.626+09:00  INFO 1261 --- [eureka-server] [SpringApplicationShutdownHook] o.s.c.n.e.server.EurekaServerBootstrap   : Shutting down Eureka Server..
2023-12-07T22:12:38.657+09:00  INFO 1261 --- [eureka-server] [SpringApplicationShutdownHook] c.n.eureka.DefaultEurekaServerContext    : Shutting down ...
2023-12-07T22:12:38.661+09:00  INFO 1261 --- [eureka-server] [SpringApplicationShutdownHook] com.netflix.servo.monitor.StatsMonitor   : Attempting to get the value for an expired monitor: eurekaServer.replication.batchSize.Will start computing stats again.
2023-12-07T22:12:38.668+09:00  INFO 1261 --- [eureka-server] [SpringApplicationShutdownHook] com.netflix.servo.monitor.StatsMonitor   : Attempting to get the value for an expired monitor: eurekaServer.replication.executionTime.Will start computing stats again.
2023-12-07T22:12:38.669+09:00  INFO 1261 --- [eureka-server] [SpringApplicationShutdownHook] com.netflix.servo.monitor.StatsMonitor   : Attempting to get the value for an expired monitor: eurekaServer.replication.executionTime.Will start computing stats again.
2023-12-07T22:12:38.673+09:00  INFO 1261 --- [eureka-server] [SpringApplicationShutdownHook] com.netflix.servo.monitor.StatsMonitor   : Attempting to get the value for an expired monitor: eurekaServer.replication.batchSize.Will start computing stats again.
2023-12-07T22:12:38.824+09:00  INFO 1261 --- [eureka-server] [SpringApplicationShutdownHook] c.n.eureka.DefaultEurekaServerContext    : Shut down
2023-12-07T22:12:38.824+09:00  INFO 1261 --- [eureka-server] [SpringApplicationShutdownHook] o.s.c.n.e.server.EurekaServerBootstrap   : Eureka Service is now shutdown...
2023-12-07T22:12:38.825+09:00  INFO 1261 --- [eureka-server] [SpringApplicationShutdownHook] c.n.eureka.DefaultEurekaServerContext    : Shutting down ...
2023-12-07T22:12:38.837+09:00  INFO 1261 --- [eureka-server] [SpringApplicationShutdownHook] c.n.eureka.DefaultEurekaServerContext    : Shut down
2023-12-07T22:12:38.863+09:00  INFO 1261 --- [eureka-server] [SpringApplicationShutdownHook] com.netflix.discovery.DiscoveryClient    : Shutting down DiscoveryClient ...
2023-12-07T22:12:38.869+09:00  INFO 1261 --- [eureka-server] [SpringApplicationShutdownHook] com.netflix.discovery.DiscoveryClient    : Completed shut down of DiscoveryClient
2023-12-07T22:15:25.665+09:00  INFO 1672 --- [eureka-server] [main] o.m.e.EurekaServerApplication            : The following 1 profile is active: "local"
2023-12-07T22:15:26.872+09:00  INFO 1672 --- [eureka-server] [main] o.s.cloud.context.scope.GenericScope     : BeanFactory id=251077ae-d3f8-3d9d-a6af-44160bc183c6
2023-12-07T22:15:27.221+09:00  INFO 1672 --- [eureka-server] [main] o.s.b.w.embedded.tomcat.TomcatWebServer  : Tomcat initialized with port 8761 (http)
2023-12-07T22:15:27.241+09:00  INFO 1672 --- [eureka-server] [main] o.apache.catalina.core.StandardService   : Starting service [Tomcat]
2023-12-07T22:15:27.241+09:00  INFO 1672 --- [eureka-server] [main] o.apache.catalina.core.StandardEngine    : Starting Servlet engine: [Apache Tomcat/10.1.16]
2023-12-07T22:15:27.311+09:00  INFO 1672 --- [eureka-server] [main] o.a.c.c.C.[Tomcat].[localhost].[/]       : Initializing Spring embedded WebApplicationContext
2023-12-07T22:15:27.312+09:00  INFO 1672 --- [eureka-server] [main] w.s.c.ServletWebServerApplicationContext : Root WebApplicationContext: initialization completed in 1623 ms
2023-12-07T22:15:28.619+09:00  INFO 1672 --- [eureka-server] [main] c.n.d.provider.DiscoveryJerseyProvider   : Using JSON encoding codec LegacyJacksonJson
2023-12-07T22:15:28.621+09:00  INFO 1672 --- [eureka-server] [main] c.n.d.provider.DiscoveryJerseyProvider   : Using JSON decoding codec LegacyJacksonJson
2023-12-07T22:15:28.875+09:00  INFO 1672 --- [eureka-server] [main] c.n.d.provider.DiscoveryJerseyProvider   : Using XML encoding codec XStreamXml
2023-12-07T22:15:28.876+09:00  INFO 1672 --- [eureka-server] [main] c.n.d.provider.DiscoveryJerseyProvider   : Using XML decoding codec XStreamXml
2023-12-07T22:15:30.203+09:00  WARN 1672 --- [eureka-server] [main] iguration$LoadBalancerCaffeineWarnLogger : Spring Cloud LoadBalancer is currently working with the default cache. While this cache implementation is useful for development and tests, it's recommended to use Caffeine cache in production.You can switch to using Caffeine cache, by adding it and org.springframework.cache.caffeine.CaffeineCacheManager to the classpath.
2023-12-07T22:15:30.230+09:00  INFO 1672 --- [eureka-server] [main] o.s.c.n.eureka.InstanceInfoFactory       : Setting initial instance status as: STARTING
2023-12-07T22:15:30.272+09:00  INFO 1672 --- [eureka-server] [main] com.netflix.discovery.DiscoveryClient    : Initializing Eureka in region us-east-1
2023-12-07T22:15:30.273+09:00  INFO 1672 --- [eureka-server] [main] com.netflix.discovery.DiscoveryClient    : Client configured to neither register nor query for data.
2023-12-07T22:15:30.285+09:00  INFO 1672 --- [eureka-server] [main] com.netflix.discovery.DiscoveryClient    : Discovery Client initialized at timestamp 1701954930282 with initial instances count: 0
2023-12-07T22:15:30.329+09:00  INFO 1672 --- [eureka-server] [main] c.n.eureka.DefaultEurekaServerContext    : Initializing ...
2023-12-07T22:15:30.332+09:00  INFO 1672 --- [eureka-server] [main] c.n.eureka.cluster.PeerEurekaNodes       : Adding new peer nodes [http://localhost:8761/eureka/]
2023-12-07T22:15:30.523+09:00  INFO 1672 --- [eureka-server] [main] c.n.d.provider.DiscoveryJerseyProvider   : Using JSON encoding codec LegacyJacksonJson
2023-12-07T22:15:30.524+09:00  INFO 1672 --- [eureka-server] [main] c.n.d.provider.DiscoveryJerseyProvider   : Using JSON decoding codec LegacyJacksonJson
2023-12-07T22:15:30.524+09:00  INFO 1672 --- [eureka-server] [main] c.n.d.provider.DiscoveryJerseyProvider   : Using XML encoding codec XStreamXml
2023-12-07T22:15:30.524+09:00  INFO 1672 --- [eureka-server] [main] c.n.d.provider.DiscoveryJerseyProvider   : Using XML decoding codec XStreamXml
2023-12-07T22:15:30.582+09:00  INFO 1672 --- [eureka-server] [main] c.n.eureka.cluster.PeerEurekaNodes       : Replica node URL:  http://localhost:8761/eureka/
2023-12-07T22:15:30.592+09:00  INFO 1672 --- [eureka-server] [main] c.n.e.registry.AbstractInstanceRegistry  : Finished initializing remote region registries. All known remote regions: []
2023-12-07T22:15:30.593+09:00  INFO 1672 --- [eureka-server] [main] c.n.eureka.DefaultEurekaServerContext    : Initialized
2023-12-07T22:15:30.605+09:00  INFO 1672 --- [eureka-server] [main] o.s.b.a.e.web.EndpointLinksResolver      : Exposing 17 endpoint(s) beneath base path '/actuator'
2023-12-07T22:15:30.709+09:00  INFO 1672 --- [eureka-server] [main] o.s.c.n.e.s.EurekaServiceRegistry        : Registering application EUREKA-SERVER with eureka with status UP
2023-12-07T22:15:30.735+09:00  INFO 1672 --- [eureka-server] [Thread-10] o.s.c.n.e.server.EurekaServerBootstrap   : isAws returned false
2023-12-07T22:15:30.739+09:00  INFO 1672 --- [eureka-server] [Thread-10] o.s.c.n.e.server.EurekaServerBootstrap   : Initialized server context
2023-12-07T22:15:30.740+09:00  INFO 1672 --- [eureka-server] [Thread-10] c.n.e.r.PeerAwareInstanceRegistryImpl    : Got 1 instances from neighboring DS node
2023-12-07T22:15:30.740+09:00  INFO 1672 --- [eureka-server] [Thread-10] c.n.e.r.PeerAwareInstanceRegistryImpl    : Renew threshold is: 1
2023-12-07T22:15:30.741+09:00  INFO 1672 --- [eureka-server] [Thread-10] c.n.e.r.PeerAwareInstanceRegistryImpl    : Changing status to UP
2023-12-07T22:15:30.761+09:00  INFO 1672 --- [eureka-server] [main] o.s.b.w.embedded.tomcat.TomcatWebServer  : Tomcat started on port 8761 (http) with context path ''
2023-12-07T22:15:30.762+09:00  INFO 1672 --- [eureka-server] [Thread-10] e.s.EurekaServerInitializerConfiguration : Started Eureka Server
2023-12-07T22:15:30.763+09:00  INFO 1672 --- [eureka-server] [main] .s.c.n.e.s.EurekaAutoServiceRegistration : Updating port to 8761
2023-12-07T22:15:30.821+09:00  INFO 1672 --- [eureka-server] [main] o.m.e.EurekaServerApplication            : Started EurekaServerApplication in 6.843 seconds (process running for 7.845)
2023-12-07T22:15:31.470+09:00  INFO 1672 --- [eureka-server] [RMI TCP Connection(2)-127.0.0.1] o.a.c.c.C.[Tomcat].[localhost].[/]       : Initializing Spring DispatcherServlet 'dispatcherServlet'
2023-12-07T22:15:31.470+09:00  INFO 1672 --- [eureka-server] [RMI TCP Connection(2)-127.0.0.1] o.s.web.servlet.DispatcherServlet        : Initializing Servlet 'dispatcherServlet'
2023-12-07T22:15:31.474+09:00  INFO 1672 --- [eureka-server] [RMI TCP Connection(2)-127.0.0.1] o.s.web.servlet.DispatcherServlet        : Completed initialization in 4 ms
2023-12-07T22:16:02.156+09:00  INFO 1672 --- [eureka-server] [http-nio-8761-exec-2] c.n.e.registry.AbstractInstanceRegistry  : Registered instance GATEWAY-SERVER/172.30.1.52:gateway-server:8070 with status UP (replication=false)
2023-12-07T22:16:03.090+09:00  INFO 1672 --- [eureka-server] [http-nio-8761-exec-3] c.n.e.registry.AbstractInstanceRegistry  : Registered instance GATEWAY-SERVER/172.30.1.52:gateway-server:8070 with status UP (replication=true)
2023-12-07T22:16:28.296+09:00  INFO 1672 --- [eureka-server] [http-nio-8761-exec-5] c.n.e.registry.AbstractInstanceRegistry  : Registered instance AUTHENTICATION-SERVER/172.30.1.52:authentication-server:8900 with status UP (replication=false)
2023-12-07T22:16:28.815+09:00  INFO 1672 --- [eureka-server] [http-nio-8761-exec-6] c.n.e.registry.AbstractInstanceRegistry  : Registered instance AUTHENTICATION-SERVER/172.30.1.52:authentication-server:8900 with status UP (replication=true)
2023-12-07T22:16:30.745+09:00  INFO 1672 --- [eureka-server] [Eureka-EvictionTimer] c.n.e.registry.AbstractInstanceRegistry  : Running the evict task with compensationTime 0ms
2023-12-07T22:17:30.768+09:00  INFO 1672 --- [eureka-server] [Eureka-EvictionTimer] c.n.e.registry.AbstractInstanceRegistry  : Running the evict task with compensationTime 23ms
2023-12-07T22:18:30.769+09:00  INFO 1672 --- [eureka-server] [Eureka-EvictionTimer] c.n.e.registry.AbstractInstanceRegistry  : Running the evict task with compensationTime 1ms
2023-12-07T22:19:30.773+09:00  INFO 1672 --- [eureka-server] [Eureka-EvictionTimer] c.n.e.registry.AbstractInstanceRegistry  : Running the evict task with compensationTime 4ms
2023-12-07T22:20:30.777+09:00  INFO 1672 --- [eureka-server] [Eureka-EvictionTimer] c.n.e.registry.AbstractInstanceRegistry  : Running the evict task with compensationTime 4ms
2023-12-07T22:21:30.781+09:00  INFO 1672 --- [eureka-server] [Eureka-EvictionTimer] c.n.e.registry.AbstractInstanceRegistry  : Running the evict task with compensationTime 3ms
2023-12-07T22:22:30.786+09:00  INFO 1672 --- [eureka-server] [Eureka-EvictionTimer] c.n.e.registry.AbstractInstanceRegistry  : Running the evict task with compensationTime 4ms
2023-12-07T22:23:30.789+09:00  INFO 1672 --- [eureka-server] [Eureka-EvictionTimer] c.n.e.registry.AbstractInstanceRegistry  : Running the evict task with compensationTime 3ms
2023-12-07T22:24:30.876+09:00  INFO 1672 --- [eureka-server] [Eureka-EvictionTimer] c.n.e.registry.AbstractInstanceRegistry  : Running the evict task with compensationTime 4ms
2023-12-07T22:25:30.881+09:00  INFO 1672 --- [eureka-server] [Eureka-EvictionTimer] c.n.e.registry.AbstractInstanceRegistry  : Running the evict task with compensationTime 4ms
2023-12-07T22:26:30.887+09:00  INFO 1672 --- [eureka-server] [Eureka-EvictionTimer] c.n.e.registry.AbstractInstanceRegistry  : Running the evict task with compensationTime 4ms
2023-12-07T22:27:30.892+09:00  INFO 1672 --- [eureka-server] [Eureka-EvictionTimer] c.n.e.registry.AbstractInstanceRegistry  : Running the evict task with compensationTime 3ms
2023-12-07T22:28:30.898+09:00  INFO 1672 --- [eureka-server] [Eureka-EvictionTimer] c.n.e.registry.AbstractInstanceRegistry  : Running the evict task with compensationTime 4ms
2023-12-07T22:29:30.900+09:00  INFO 1672 --- [eureka-server] [Eureka-EvictionTimer] c.n.e.registry.AbstractInstanceRegistry  : Running the evict task with compensationTime 0ms
2023-12-07T22:30:30.750+09:00  INFO 1672 --- [eureka-server] [ReplicaAwareInstanceRegistry - RenewalThresholdUpdater] c.n.e.r.PeerAwareInstanceRegistryImpl    : Current renewal threshold is : 5
2023-12-07T22:30:30.910+09:00  INFO 1672 --- [eureka-server] [Eureka-EvictionTimer] c.n.e.registry.AbstractInstanceRegistry  : Running the evict task with compensationTime 8ms
2023-12-07T22:31:30.913+09:00  INFO 1672 --- [eureka-server] [Eureka-EvictionTimer] c.n.e.registry.AbstractInstanceRegistry  : Running the evict task with compensationTime 1ms
2023-12-07T22:32:05.631+09:00  INFO 1672 --- [eureka-server] [SpringApplicationShutdownHook] o.s.c.n.e.s.EurekaServiceRegistry        : Unregistering application EUREKA-SERVER with eureka with status DOWN
2023-12-07T22:32:05.788+09:00  INFO 1672 --- [eureka-server] [http-nio-8761-exec-5] c.n.e.registry.AbstractInstanceRegistry  : Registered instance GATEWAY-SERVER/172.30.1.52:gateway-server:8070 with status DOWN (replication=false)
2023-12-07T22:32:05.903+09:00  INFO 1672 --- [eureka-server] [SpringApplicationShutdownHook] o.s.c.n.e.server.EurekaServerBootstrap   : Shutting down Eureka Server..
2023-12-07T22:32:05.939+09:00  INFO 1672 --- [eureka-server] [SpringApplicationShutdownHook] c.n.eureka.DefaultEurekaServerContext    : Shutting down ...
2023-12-07T22:32:06.233+09:00  INFO 1672 --- [eureka-server] [SpringApplicationShutdownHook] com.netflix.servo.monitor.StatsMonitor   : Attempting to get the value for an expired monitor: eurekaServer.replication.batchSize.Will start computing stats again.
2023-12-07T22:32:06.246+09:00  INFO 1672 --- [eureka-server] [SpringApplicationShutdownHook] com.netflix.servo.monitor.StatsMonitor   : Attempting to get the value for an expired monitor: eurekaServer.replication.executionTime.Will start computing stats again.
2023-12-07T22:32:06.247+09:00  INFO 1672 --- [eureka-server] [SpringApplicationShutdownHook] com.netflix.servo.monitor.StatsMonitor   : Attempting to get the value for an expired monitor: eurekaServer.replication.executionTime.Will start computing stats again.
2023-12-07T22:32:06.248+09:00  INFO 1672 --- [eureka-server] [SpringApplicationShutdownHook] com.netflix.servo.monitor.StatsMonitor   : Attempting to get the value for an expired monitor: eurekaServer.replication.batchSize.Will start computing stats again.
2023-12-07T22:32:06.372+09:00  INFO 1672 --- [eureka-server] [SpringApplicationShutdownHook] c.n.eureka.DefaultEurekaServerContext    : Shut down
2023-12-07T22:32:06.373+09:00  INFO 1672 --- [eureka-server] [SpringApplicationShutdownHook] o.s.c.n.e.server.EurekaServerBootstrap   : Eureka Service is now shutdown...
2023-12-07T22:32:06.516+09:00  INFO 1672 --- [eureka-server] [SpringApplicationShutdownHook] c.n.eureka.DefaultEurekaServerContext    : Shutting down ...
2023-12-07T22:32:06.591+09:00  INFO 1672 --- [eureka-server] [SpringApplicationShutdownHook] c.n.eureka.DefaultEurekaServerContext    : Shut down
2023-12-07T22:32:06.674+09:00  INFO 1672 --- [eureka-server] [SpringApplicationShutdownHook] com.netflix.discovery.DiscoveryClient    : Shutting down DiscoveryClient ...
2023-12-07T22:32:06.698+09:00  INFO 1672 --- [eureka-server] [SpringApplicationShutdownHook] com.netflix.discovery.DiscoveryClient    : Completed shut down of DiscoveryClient
2023-12-07T22:37:19.983+09:00  INFO 1859 --- [eureka-server] [main] o.m.e.EurekaServerApplication            : The following 1 profile is active: "local"
2023-12-07T22:37:21.589+09:00  INFO 1859 --- [eureka-server] [main] o.s.cloud.context.scope.GenericScope     : BeanFactory id=251077ae-d3f8-3d9d-a6af-44160bc183c6
2023-12-07T22:37:22.001+09:00  INFO 1859 --- [eureka-server] [main] o.s.b.w.embedded.tomcat.TomcatWebServer  : Tomcat initialized with port 8761 (http)
2023-12-07T22:37:22.018+09:00  INFO 1859 --- [eureka-server] [main] o.apache.catalina.core.StandardService   : Starting service [Tomcat]
2023-12-07T22:37:22.018+09:00  INFO 1859 --- [eureka-server] [main] o.apache.catalina.core.StandardEngine    : Starting Servlet engine: [Apache Tomcat/10.1.16]
2023-12-07T22:37:22.124+09:00  INFO 1859 --- [eureka-server] [main] o.a.c.c.C.[Tomcat].[localhost].[/]       : Initializing Spring embedded WebApplicationContext
2023-12-07T22:37:22.125+09:00  INFO 1859 --- [eureka-server] [main] w.s.c.ServletWebServerApplicationContext : Root WebApplicationContext: initialization completed in 2121 ms
2023-12-07T22:37:23.828+09:00  INFO 1859 --- [eureka-server] [main] c.n.d.provider.DiscoveryJerseyProvider   : Using JSON encoding codec LegacyJacksonJson
2023-12-07T22:37:23.830+09:00  INFO 1859 --- [eureka-server] [main] c.n.d.provider.DiscoveryJerseyProvider   : Using JSON decoding codec LegacyJacksonJson
2023-12-07T22:37:24.198+09:00  INFO 1859 --- [eureka-server] [main] c.n.d.provider.DiscoveryJerseyProvider   : Using XML encoding codec XStreamXml
2023-12-07T22:37:24.198+09:00  INFO 1859 --- [eureka-server] [main] c.n.d.provider.DiscoveryJerseyProvider   : Using XML decoding codec XStreamXml
2023-12-07T22:37:25.549+09:00  WARN 1859 --- [eureka-server] [main] iguration$LoadBalancerCaffeineWarnLogger : Spring Cloud LoadBalancer is currently working with the default cache. While this cache implementation is useful for development and tests, it's recommended to use Caffeine cache in production.You can switch to using Caffeine cache, by adding it and org.springframework.cache.caffeine.CaffeineCacheManager to the classpath.
2023-12-07T22:37:25.575+09:00  INFO 1859 --- [eureka-server] [main] o.s.c.n.eureka.InstanceInfoFactory       : Setting initial instance status as: STARTING
2023-12-07T22:37:25.625+09:00  INFO 1859 --- [eureka-server] [main] com.netflix.discovery.DiscoveryClient    : Initializing Eureka in region us-east-1
2023-12-07T22:37:25.625+09:00  INFO 1859 --- [eureka-server] [main] com.netflix.discovery.DiscoveryClient    : Client configured to neither register nor query for data.
2023-12-07T22:37:25.645+09:00  INFO 1859 --- [eureka-server] [main] com.netflix.discovery.DiscoveryClient    : Discovery Client initialized at timestamp 1701956245643 with initial instances count: 0
2023-12-07T22:37:25.702+09:00  INFO 1859 --- [eureka-server] [main] c.n.eureka.DefaultEurekaServerContext    : Initializing ...
2023-12-07T22:37:25.704+09:00  INFO 1859 --- [eureka-server] [main] c.n.eureka.cluster.PeerEurekaNodes       : Adding new peer nodes [http://localhost:8761/eureka/]
2023-12-07T22:37:25.923+09:00  INFO 1859 --- [eureka-server] [main] c.n.d.provider.DiscoveryJerseyProvider   : Using JSON encoding codec LegacyJacksonJson
2023-12-07T22:37:25.923+09:00  INFO 1859 --- [eureka-server] [main] c.n.d.provider.DiscoveryJerseyProvider   : Using JSON decoding codec LegacyJacksonJson
2023-12-07T22:37:25.923+09:00  INFO 1859 --- [eureka-server] [main] c.n.d.provider.DiscoveryJerseyProvider   : Using XML encoding codec XStreamXml
2023-12-07T22:37:25.923+09:00  INFO 1859 --- [eureka-server] [main] c.n.d.provider.DiscoveryJerseyProvider   : Using XML decoding codec XStreamXml
2023-12-07T22:37:26.002+09:00  INFO 1859 --- [eureka-server] [main] c.n.eureka.cluster.PeerEurekaNodes       : Replica node URL:  http://localhost:8761/eureka/
2023-12-07T22:37:26.014+09:00  INFO 1859 --- [eureka-server] [main] c.n.e.registry.AbstractInstanceRegistry  : Finished initializing remote region registries. All known remote regions: []
2023-12-07T22:37:26.016+09:00  INFO 1859 --- [eureka-server] [main] c.n.eureka.DefaultEurekaServerContext    : Initialized
2023-12-07T22:37:26.028+09:00  INFO 1859 --- [eureka-server] [main] o.s.b.a.e.web.EndpointLinksResolver      : Exposing 17 endpoint(s) beneath base path '/actuator'
2023-12-07T22:37:26.168+09:00  INFO 1859 --- [eureka-server] [main] o.s.c.n.e.s.EurekaServiceRegistry        : Registering application EUREKA-SERVER with eureka with status UP
2023-12-07T22:37:26.197+09:00  INFO 1859 --- [eureka-server] [Thread-10] o.s.c.n.e.server.EurekaServerBootstrap   : isAws returned false
2023-12-07T22:37:26.197+09:00  INFO 1859 --- [eureka-server] [Thread-10] o.s.c.n.e.server.EurekaServerBootstrap   : Initialized server context
2023-12-07T22:37:26.198+09:00  INFO 1859 --- [eureka-server] [Thread-10] c.n.e.r.PeerAwareInstanceRegistryImpl    : Got 1 instances from neighboring DS node
2023-12-07T22:37:26.198+09:00  INFO 1859 --- [eureka-server] [Thread-10] c.n.e.r.PeerAwareInstanceRegistryImpl    : Renew threshold is: 1
2023-12-07T22:37:26.198+09:00  INFO 1859 --- [eureka-server] [Thread-10] c.n.e.r.PeerAwareInstanceRegistryImpl    : Changing status to UP
2023-12-07T22:37:26.209+09:00  INFO 1859 --- [eureka-server] [main] o.s.b.w.embedded.tomcat.TomcatWebServer  : Tomcat started on port 8761 (http) with context path ''
2023-12-07T22:37:26.213+09:00  INFO 1859 --- [eureka-server] [main] .s.c.n.e.s.EurekaAutoServiceRegistration : Updating port to 8761
2023-12-07T22:37:26.220+09:00  INFO 1859 --- [eureka-server] [Thread-10] e.s.EurekaServerInitializerConfiguration : Started Eureka Server
2023-12-07T22:37:26.263+09:00  INFO 1859 --- [eureka-server] [main] o.m.e.EurekaServerApplication            : Started EurekaServerApplication in 8.956 seconds (process running for 10.595)
2023-12-07T22:37:26.529+09:00  INFO 1859 --- [eureka-server] [RMI TCP Connection(3)-127.0.0.1] o.a.c.c.C.[Tomcat].[localhost].[/]       : Initializing Spring DispatcherServlet 'dispatcherServlet'
2023-12-07T22:37:26.530+09:00  INFO 1859 --- [eureka-server] [RMI TCP Connection(3)-127.0.0.1] o.s.web.servlet.DispatcherServlet        : Initializing Servlet 'dispatcherServlet'
2023-12-07T22:37:26.534+09:00  INFO 1859 --- [eureka-server] [RMI TCP Connection(3)-127.0.0.1] o.s.web.servlet.DispatcherServlet        : Completed initialization in 4 ms
2023-12-07T22:37:45.137+09:00  INFO 1859 --- [eureka-server] [http-nio-8761-exec-2] c.n.e.registry.AbstractInstanceRegistry  : Registered instance GATEWAY-SERVER/172.30.1.52:gateway-server:8070 with status UP (replication=false)
2023-12-07T22:37:45.920+09:00  INFO 1859 --- [eureka-server] [http-nio-8761-exec-3] c.n.e.registry.AbstractInstanceRegistry  : Registered instance GATEWAY-SERVER/172.30.1.52:gateway-server:8070 with status UP (replication=true)
2023-12-07T22:38:05.135+09:00  INFO 1859 --- [eureka-server] [http-nio-8761-exec-5] c.n.e.registry.AbstractInstanceRegistry  : Registered instance AUTHENTICATION-SERVER/172.30.1.52:authentication-server:8900 with status UP (replication=false)
2023-12-07T22:38:05.651+09:00  INFO 1859 --- [eureka-server] [http-nio-8761-exec-6] c.n.e.registry.AbstractInstanceRegistry  : Registered instance AUTHENTICATION-SERVER/172.30.1.52:authentication-server:8900 with status UP (replication=true)
2023-12-07T22:38:26.206+09:00  INFO 1859 --- [eureka-server] [Eureka-EvictionTimer] c.n.e.registry.AbstractInstanceRegistry  : Running the evict task with compensationTime 0ms
2023-12-07T22:39:26.212+09:00  INFO 1859 --- [eureka-server] [Eureka-EvictionTimer] c.n.e.registry.AbstractInstanceRegistry  : Running the evict task with compensationTime 3ms
2023-12-07T22:40:26.217+09:00  INFO 1859 --- [eureka-server] [Eureka-EvictionTimer] c.n.e.registry.AbstractInstanceRegistry  : Running the evict task with compensationTime 3ms
2023-12-07T22:41:26.223+09:00  INFO 1859 --- [eureka-server] [Eureka-EvictionTimer] c.n.e.registry.AbstractInstanceRegistry  : Running the evict task with compensationTime 5ms
2023-12-07T22:42:26.226+09:00  INFO 1859 --- [eureka-server] [Eureka-EvictionTimer] c.n.e.registry.AbstractInstanceRegistry  : Running the evict task with compensationTime 0ms
2023-12-07T22:43:26.231+09:00  INFO 1859 --- [eureka-server] [Eureka-EvictionTimer] c.n.e.registry.AbstractInstanceRegistry  : Running the evict task with compensationTime 3ms
2023-12-07T22:44:26.234+09:00  INFO 1859 --- [eureka-server] [Eureka-EvictionTimer] c.n.e.registry.AbstractInstanceRegistry  : Running the evict task with compensationTime 1ms
2023-12-07T22:45:26.238+09:00  INFO 1859 --- [eureka-server] [Eureka-EvictionTimer] c.n.e.registry.AbstractInstanceRegistry  : Running the evict task with compensationTime 2ms
2023-12-07T22:46:26.243+09:00  INFO 1859 --- [eureka-server] [Eureka-EvictionTimer] c.n.e.registry.AbstractInstanceRegistry  : Running the evict task with compensationTime 3ms
2023-12-07T22:47:26.250+09:00  INFO 1859 --- [eureka-server] [Eureka-EvictionTimer] c.n.e.registry.AbstractInstanceRegistry  : Running the evict task with compensationTime 4ms
2023-12-07T22:48:26.256+09:00  INFO 1859 --- [eureka-server] [Eureka-EvictionTimer] c.n.e.registry.AbstractInstanceRegistry  : Running the evict task with compensationTime 4ms
2023-12-07T22:49:26.261+09:00  INFO 1859 --- [eureka-server] [Eureka-EvictionTimer] c.n.e.registry.AbstractInstanceRegistry  : Running the evict task with compensationTime 3ms
2023-12-07T22:50:26.267+09:00  INFO 1859 --- [eureka-server] [Eureka-EvictionTimer] c.n.e.registry.AbstractInstanceRegistry  : Running the evict task with compensationTime 4ms
2023-12-07T22:51:26.276+09:00  INFO 1859 --- [eureka-server] [Eureka-EvictionTimer] c.n.e.registry.AbstractInstanceRegistry  : Running the evict task with compensationTime 7ms
2023-12-07T22:52:26.045+09:00  INFO 1859 --- [eureka-server] [ReplicaAwareInstanceRegistry - RenewalThresholdUpdater] c.n.e.r.PeerAwareInstanceRegistryImpl    : Current renewal threshold is : 5
2023-12-07T22:52:26.278+09:00  INFO 1859 --- [eureka-server] [Eureka-EvictionTimer] c.n.e.registry.AbstractInstanceRegistry  : Running the evict task with compensationTime 0ms
2023-12-07T22:53:26.285+09:00  INFO 1859 --- [eureka-server] [Eureka-EvictionTimer] c.n.e.registry.AbstractInstanceRegistry  : Running the evict task with compensationTime 4ms
2023-12-07T22:54:26.295+09:00  INFO 1859 --- [eureka-server] [Eureka-EvictionTimer] c.n.e.registry.AbstractInstanceRegistry  : Running the evict task with compensationTime 8ms
2023-12-07T22:55:26.305+09:00  INFO 1859 --- [eureka-server] [Eureka-EvictionTimer] c.n.e.registry.AbstractInstanceRegistry  : Running the evict task with compensationTime 8ms
2023-12-07T22:56:12.130+09:00  INFO 1859 --- [eureka-server] [SpringApplicationShutdownHook] o.s.c.n.e.s.EurekaServiceRegistry        : Unregistering application EUREKA-SERVER with eureka with status DOWN
2023-12-07T22:56:12.414+09:00  INFO 1859 --- [eureka-server] [SpringApplicationShutdownHook] o.s.c.n.e.server.EurekaServerBootstrap   : Shutting down Eureka Server..
2023-12-07T22:56:12.556+09:00  INFO 1859 --- [eureka-server] [SpringApplicationShutdownHook] c.n.eureka.DefaultEurekaServerContext    : Shutting down ...
2023-12-07T22:56:12.576+09:00  INFO 1859 --- [eureka-server] [SpringApplicationShutdownHook] com.netflix.servo.monitor.StatsMonitor   : Attempting to get the value for an expired monitor: eurekaServer.replication.batchSize.Will start computing stats again.
2023-12-07T22:56:12.633+09:00  INFO 1859 --- [eureka-server] [SpringApplicationShutdownHook] com.netflix.servo.monitor.StatsMonitor   : Attempting to get the value for an expired monitor: eurekaServer.replication.executionTime.Will start computing stats again.
2023-12-07T22:56:12.634+09:00  INFO 1859 --- [eureka-server] [SpringApplicationShutdownHook] com.netflix.servo.monitor.StatsMonitor   : Attempting to get the value for an expired monitor: eurekaServer.replication.executionTime.Will start computing stats again.
2023-12-07T22:56:12.637+09:00  INFO 1859 --- [eureka-server] [SpringApplicationShutdownHook] com.netflix.servo.monitor.StatsMonitor   : Attempting to get the value for an expired monitor: eurekaServer.replication.batchSize.Will start computing stats again.
2023-12-07T22:56:12.645+09:00 ERROR 1859 --- [eureka-server] [Eureka-Jersey3Client-Conn-Cleaner2] c.n.d.s.t.j.EurekaJersey3ClientImpl      : Cannot clean connections

java.lang.IllegalStateException: Client instance has been closed.
	at org.glassfish.jersey.internal.guava.Preconditions.checkState(Preconditions.java:169) ~[jersey-common-3.1.3.jar:na]
	at org.glassfish.jersey.client.JerseyClient.checkNotClosed(JerseyClient.java:257) ~[jersey-client-3.1.3.jar:na]
	at org.glassfish.jersey.client.JerseyClient.getConfiguration(JerseyClient.java:372) ~[jersey-client-3.1.3.jar:na]
	at org.glassfish.jersey.client.JerseyClient.getConfiguration(JerseyClient.java:56) ~[jersey-client-3.1.3.jar:na]
	at com.netflix.discovery.shared.transport.jersey3.EurekaJersey3ClientImpl$ConnectionCleanerTask.run(EurekaJersey3ClientImpl.java:347) ~[eureka-client-jersey3-2.0.1.jar:2.0.1]
	at java.base/java.util.concurrent.Executors$RunnableAdapter.call(Executors.java:577) ~[na:na]
	at java.base/java.util.concurrent.FutureTask.run(FutureTask.java:317) ~[na:na]
	at java.base/java.util.concurrent.ScheduledThreadPoolExecutor$ScheduledFutureTask.run(ScheduledThreadPoolExecutor.java:304) ~[na:na]
	at java.base/java.util.concurrent.ThreadPoolExecutor.runWorker(ThreadPoolExecutor.java:1144) ~[na:na]
	at java.base/java.util.concurrent.ThreadPoolExecutor$Worker.run(ThreadPoolExecutor.java:642) ~[na:na]
	at java.base/java.lang.Thread.run(Thread.java:1589) ~[na:na]

2023-12-07T22:56:12.909+09:00  INFO 1859 --- [eureka-server] [SpringApplicationShutdownHook] c.n.eureka.DefaultEurekaServerContext    : Shut down
2023-12-07T22:56:12.910+09:00  INFO 1859 --- [eureka-server] [SpringApplicationShutdownHook] o.s.c.n.e.server.EurekaServerBootstrap   : Eureka Service is now shutdown...
2023-12-07T22:56:12.915+09:00  INFO 1859 --- [eureka-server] [SpringApplicationShutdownHook] c.n.eureka.DefaultEurekaServerContext    : Shutting down ...
2023-12-07T22:56:12.932+09:00  INFO 1859 --- [eureka-server] [SpringApplicationShutdownHook] c.n.eureka.DefaultEurekaServerContext    : Shut down
2023-12-07T22:56:13.027+09:00  INFO 1859 --- [eureka-server] [SpringApplicationShutdownHook] com.netflix.discovery.DiscoveryClient    : Shutting down DiscoveryClient ...
2023-12-07T22:56:13.030+09:00  INFO 1859 --- [eureka-server] [SpringApplicationShutdownHook] com.netflix.discovery.DiscoveryClient    : Completed shut down of DiscoveryClient
2023-12-07T22:56:40.215+09:00  INFO 2060 --- [eureka-server] [main] o.m.e.EurekaServerApplication            : The following 1 profile is active: "local"
2023-12-07T22:56:41.482+09:00  INFO 2060 --- [eureka-server] [main] o.s.cloud.context.scope.GenericScope     : BeanFactory id=251077ae-d3f8-3d9d-a6af-44160bc183c6
2023-12-07T22:56:41.809+09:00  INFO 2060 --- [eureka-server] [main] o.s.b.w.embedded.tomcat.TomcatWebServer  : Tomcat initialized with port 8761 (http)
2023-12-07T22:56:41.819+09:00  INFO 2060 --- [eureka-server] [main] o.apache.catalina.core.StandardService   : Starting service [Tomcat]
2023-12-07T22:56:41.819+09:00  INFO 2060 --- [eureka-server] [main] o.apache.catalina.core.StandardEngine    : Starting Servlet engine: [Apache Tomcat/10.1.16]
2023-12-07T22:56:41.895+09:00  INFO 2060 --- [eureka-server] [main] o.a.c.c.C.[Tomcat].[localhost].[/]       : Initializing Spring embedded WebApplicationContext
2023-12-07T22:56:41.896+09:00  INFO 2060 --- [eureka-server] [main] w.s.c.ServletWebServerApplicationContext : Root WebApplicationContext: initialization completed in 1660 ms
2023-12-07T22:56:43.027+09:00  INFO 2060 --- [eureka-server] [main] c.n.d.provider.DiscoveryJerseyProvider   : Using JSON encoding codec LegacyJacksonJson
2023-12-07T22:56:43.029+09:00  INFO 2060 --- [eureka-server] [main] c.n.d.provider.DiscoveryJerseyProvider   : Using JSON decoding codec LegacyJacksonJson
2023-12-07T22:56:43.316+09:00  INFO 2060 --- [eureka-server] [main] c.n.d.provider.DiscoveryJerseyProvider   : Using XML encoding codec XStreamXml
2023-12-07T22:56:43.316+09:00  INFO 2060 --- [eureka-server] [main] c.n.d.provider.DiscoveryJerseyProvider   : Using XML decoding codec XStreamXml
2023-12-07T22:56:44.660+09:00  WARN 2060 --- [eureka-server] [main] iguration$LoadBalancerCaffeineWarnLogger : Spring Cloud LoadBalancer is currently working with the default cache. While this cache implementation is useful for development and tests, it's recommended to use Caffeine cache in production.You can switch to using Caffeine cache, by adding it and org.springframework.cache.caffeine.CaffeineCacheManager to the classpath.
2023-12-07T22:56:44.685+09:00  INFO 2060 --- [eureka-server] [main] o.s.c.n.eureka.InstanceInfoFactory       : Setting initial instance status as: STARTING
2023-12-07T22:56:44.728+09:00  INFO 2060 --- [eureka-server] [main] com.netflix.discovery.DiscoveryClient    : Initializing Eureka in region us-east-1
2023-12-07T22:56:44.728+09:00  INFO 2060 --- [eureka-server] [main] com.netflix.discovery.DiscoveryClient    : Client configured to neither register nor query for data.
2023-12-07T22:56:44.744+09:00  INFO 2060 --- [eureka-server] [main] com.netflix.discovery.DiscoveryClient    : Discovery Client initialized at timestamp 1701957404743 with initial instances count: 0
2023-12-07T22:56:44.799+09:00  INFO 2060 --- [eureka-server] [main] c.n.eureka.DefaultEurekaServerContext    : Initializing ...
2023-12-07T22:56:44.801+09:00  INFO 2060 --- [eureka-server] [main] c.n.eureka.cluster.PeerEurekaNodes       : Adding new peer nodes [http://localhost:8761/eureka/]
2023-12-07T22:56:44.991+09:00  INFO 2060 --- [eureka-server] [main] c.n.d.provider.DiscoveryJerseyProvider   : Using JSON encoding codec LegacyJacksonJson
2023-12-07T22:56:44.992+09:00  INFO 2060 --- [eureka-server] [main] c.n.d.provider.DiscoveryJerseyProvider   : Using JSON decoding codec LegacyJacksonJson
2023-12-07T22:56:44.992+09:00  INFO 2060 --- [eureka-server] [main] c.n.d.provider.DiscoveryJerseyProvider   : Using XML encoding codec XStreamXml
2023-12-07T22:56:44.992+09:00  INFO 2060 --- [eureka-server] [main] c.n.d.provider.DiscoveryJerseyProvider   : Using XML decoding codec XStreamXml
2023-12-07T22:56:45.051+09:00  INFO 2060 --- [eureka-server] [main] c.n.eureka.cluster.PeerEurekaNodes       : Replica node URL:  http://localhost:8761/eureka/
2023-12-07T22:56:45.062+09:00  INFO 2060 --- [eureka-server] [main] c.n.e.registry.AbstractInstanceRegistry  : Finished initializing remote region registries. All known remote regions: []
2023-12-07T22:56:45.063+09:00  INFO 2060 --- [eureka-server] [main] c.n.eureka.DefaultEurekaServerContext    : Initialized
2023-12-07T22:56:45.076+09:00  INFO 2060 --- [eureka-server] [main] o.s.b.a.e.web.EndpointLinksResolver      : Exposing 17 endpoint(s) beneath base path '/actuator'
2023-12-07T22:56:45.178+09:00  INFO 2060 --- [eureka-server] [main] o.s.c.n.e.s.EurekaServiceRegistry        : Registering application EUREKA-SERVER with eureka with status UP
2023-12-07T22:56:45.194+09:00  INFO 2060 --- [eureka-server] [Thread-10] o.s.c.n.e.server.EurekaServerBootstrap   : isAws returned false
2023-12-07T22:56:45.195+09:00  INFO 2060 --- [eureka-server] [Thread-10] o.s.c.n.e.server.EurekaServerBootstrap   : Initialized server context
2023-12-07T22:56:45.196+09:00  INFO 2060 --- [eureka-server] [Thread-10] c.n.e.r.PeerAwareInstanceRegistryImpl    : Got 1 instances from neighboring DS node
2023-12-07T22:56:45.196+09:00  INFO 2060 --- [eureka-server] [Thread-10] c.n.e.r.PeerAwareInstanceRegistryImpl    : Renew threshold is: 1
2023-12-07T22:56:45.197+09:00  INFO 2060 --- [eureka-server] [Thread-10] c.n.e.r.PeerAwareInstanceRegistryImpl    : Changing status to UP
2023-12-07T22:56:45.209+09:00  INFO 2060 --- [eureka-server] [main] o.s.b.w.embedded.tomcat.TomcatWebServer  : Tomcat started on port 8761 (http) with context path ''
2023-12-07T22:56:45.211+09:00  INFO 2060 --- [eureka-server] [main] .s.c.n.e.s.EurekaAutoServiceRegistration : Updating port to 8761
2023-12-07T22:56:45.218+09:00  INFO 2060 --- [eureka-server] [Thread-10] e.s.EurekaServerInitializerConfiguration : Started Eureka Server
2023-12-07T22:56:45.248+09:00  INFO 2060 --- [eureka-server] [main] o.m.e.EurekaServerApplication            : Started EurekaServerApplication in 6.742 seconds (process running for 7.986)
2023-12-07T22:56:45.717+09:00  INFO 2060 --- [eureka-server] [RMI TCP Connection(3)-127.0.0.1] o.a.c.c.C.[Tomcat].[localhost].[/]       : Initializing Spring DispatcherServlet 'dispatcherServlet'
2023-12-07T22:56:45.718+09:00  INFO 2060 --- [eureka-server] [RMI TCP Connection(3)-127.0.0.1] o.s.web.servlet.DispatcherServlet        : Initializing Servlet 'dispatcherServlet'
2023-12-07T22:56:45.725+09:00  INFO 2060 --- [eureka-server] [RMI TCP Connection(3)-127.0.0.1] o.s.web.servlet.DispatcherServlet        : Completed initialization in 7 ms
2023-12-07T22:57:05.569+09:00  INFO 2060 --- [eureka-server] [http-nio-8761-exec-2] c.n.e.registry.AbstractInstanceRegistry  : Registered instance GATEWAY-SERVER/172.30.1.52:gateway-server:8070 with status UP (replication=false)
2023-12-07T22:57:06.292+09:00  INFO 2060 --- [eureka-server] [http-nio-8761-exec-3] c.n.e.registry.AbstractInstanceRegistry  : Registered instance GATEWAY-SERVER/172.30.1.52:gateway-server:8070 with status UP (replication=true)
2023-12-07T22:57:24.912+09:00  INFO 2060 --- [eureka-server] [http-nio-8761-exec-5] c.n.e.registry.AbstractInstanceRegistry  : Registered instance AUTHENTICATION-SERVER/172.30.1.52:authentication-server:8900 with status UP (replication=false)
2023-12-07T22:57:25.437+09:00  INFO 2060 --- [eureka-server] [http-nio-8761-exec-6] c.n.e.registry.AbstractInstanceRegistry  : Registered instance AUTHENTICATION-SERVER/172.30.1.52:authentication-server:8900 with status UP (replication=true)
2023-12-07T22:57:45.302+09:00  INFO 2060 --- [eureka-server] [Eureka-EvictionTimer] c.n.e.registry.AbstractInstanceRegistry  : Running the evict task with compensationTime 0ms
2023-12-07T22:58:45.307+09:00  INFO 2060 --- [eureka-server] [Eureka-EvictionTimer] c.n.e.registry.AbstractInstanceRegistry  : Running the evict task with compensationTime 3ms
2023-12-07T22:59:45.365+09:00  INFO 2060 --- [eureka-server] [Eureka-EvictionTimer] c.n.e.registry.AbstractInstanceRegistry  : Running the evict task with compensationTime 56ms
2023-12-07T23:00:45.368+09:00  INFO 2060 --- [eureka-server] [Eureka-EvictionTimer] c.n.e.registry.AbstractInstanceRegistry  : Running the evict task with compensationTime 1ms
2023-12-07T23:01:45.374+09:00  INFO 2060 --- [eureka-server] [Eureka-EvictionTimer] c.n.e.registry.AbstractInstanceRegistry  : Running the evict task with compensationTime 4ms
2023-12-07T23:02:45.381+09:00  INFO 2060 --- [eureka-server] [Eureka-EvictionTimer] c.n.e.registry.AbstractInstanceRegistry  : Running the evict task with compensationTime 4ms
2023-12-07T23:03:45.386+09:00  INFO 2060 --- [eureka-server] [Eureka-EvictionTimer] c.n.e.registry.AbstractInstanceRegistry  : Running the evict task with compensationTime 4ms
2023-12-07T23:04:45.392+09:00  INFO 2060 --- [eureka-server] [Eureka-EvictionTimer] c.n.e.registry.AbstractInstanceRegistry  : Running the evict task with compensationTime 4ms
2023-12-07T23:05:45.398+09:00  INFO 2060 --- [eureka-server] [Eureka-EvictionTimer] c.n.e.registry.AbstractInstanceRegistry  : Running the evict task with compensationTime 4ms
2023-12-07T23:06:45.400+09:00  INFO 2060 --- [eureka-server] [Eureka-EvictionTimer] c.n.e.registry.AbstractInstanceRegistry  : Running the evict task with compensationTime 0ms
2023-12-07T23:07:45.403+09:00  INFO 2060 --- [eureka-server] [Eureka-EvictionTimer] c.n.e.registry.AbstractInstanceRegistry  : Running the evict task with compensationTime 0ms
2023-12-07T23:08:45.410+09:00  INFO 2060 --- [eureka-server] [Eureka-EvictionTimer] c.n.e.registry.AbstractInstanceRegistry  : Running the evict task with compensationTime 6ms
2023-12-07T23:09:45.413+09:00  INFO 2060 --- [eureka-server] [Eureka-EvictionTimer] c.n.e.registry.AbstractInstanceRegistry  : Running the evict task with compensationTime 0ms
2023-12-07T23:10:45.421+09:00  INFO 2060 --- [eureka-server] [Eureka-EvictionTimer] c.n.e.registry.AbstractInstanceRegistry  : Running the evict task with compensationTime 5ms
2023-12-07T23:11:37.171+09:00  INFO 2060 --- [eureka-server] [SpringApplicationShutdownHook] o.s.c.n.e.s.EurekaServiceRegistry        : Unregistering application EUREKA-SERVER with eureka with status DOWN
2023-12-07T23:11:37.362+09:00  INFO 2060 --- [eureka-server] [SpringApplicationShutdownHook] o.s.c.n.e.server.EurekaServerBootstrap   : Shutting down Eureka Server..
2023-12-07T23:11:37.659+09:00  INFO 2060 --- [eureka-server] [SpringApplicationShutdownHook] c.n.eureka.DefaultEurekaServerContext    : Shutting down ...
2023-12-07T23:11:38.044+09:00  INFO 2060 --- [eureka-server] [SpringApplicationShutdownHook] c.n.eureka.DefaultEurekaServerContext    : Shut down
2023-12-07T23:11:38.045+09:00  INFO 2060 --- [eureka-server] [SpringApplicationShutdownHook] o.s.c.n.e.server.EurekaServerBootstrap   : Eureka Service is now shutdown...
2023-12-07T23:11:38.051+09:00  INFO 2060 --- [eureka-server] [SpringApplicationShutdownHook] c.n.eureka.DefaultEurekaServerContext    : Shutting down ...
2023-12-07T23:11:38.084+09:00  INFO 2060 --- [eureka-server] [SpringApplicationShutdownHook] c.n.eureka.DefaultEurekaServerContext    : Shut down
2023-12-07T23:11:38.150+09:00  INFO 2060 --- [eureka-server] [SpringApplicationShutdownHook] com.netflix.discovery.DiscoveryClient    : Shutting down DiscoveryClient ...
2023-12-07T23:11:38.308+09:00  INFO 2060 --- [eureka-server] [SpringApplicationShutdownHook] com.netflix.discovery.DiscoveryClient    : Completed shut down of DiscoveryClient
